run_id=manual__2026-03-20T10:27:12.449413+00:00
task_id=process

[2026-03-20T20:27:13.846+0000] {local_task_job_runner.py:123} INFO - ::group::Pre task execution logs
[2026-03-20T20:27:13.858+0000] {taskinstance.py:2603} INFO - Dependencies all met for dep_context=non-requeueable deps ti=<TaskInstance: empty_pipeline_hw23.process manual__2026-03-20T20:27:12.449413+00:00 [queued]>
[2026-03-20T20:27:13.863+0000] {taskinstance.py:2603} INFO - Dependencies all met for dep_context=requeueable deps ti=<TaskInstance: empty_pipeline_hw23.process manual__2026-03-20T20:27:12.449413+00:00 [queued]>
[2026-03-20T20:27:13.864+0000] {taskinstance.py:2856} INFO - Starting attempt 1 of 1
[2026-03-20T20:27:13.873+0000] {taskinstance.py:2879} INFO - Executing <Task(BashOperator): process> on 2026-03-20 20:27:12.449413+00:00
[2026-03-20T20:27:13.878+0000] {logging_mixin.py:190} WARNING - /home/***/.local/lib/python3.12/site-packages/***/task/task_runner/standard_task_runner.py:70 DeprecationWarning: This process (pid=348) is multi-threaded, use of fork() may lead to deadlocks in the child.
[2026-03-20T20:27:13.879+0000] {standard_task_runner.py:72} INFO - Started process 349 to run task
[2026-03-20T20:27:13.879+0000] {standard_task_runner.py:204} INFO - Running: ['***', 'tasks', 'run', 'empty_pipeline_hw23', 'process', 'manual__2026-03-20T20:27:12.449413+00:00', '--job-id', '4', '--raw', '--subdir', 'DAGS_FOLDER/empty_pipeline.py', '--cfg-path', '/tmp/tmp11ibkf9s']
[2026-03-20T20:27:13.881+0000] {standard_task_runner.py:205} INFO - Job 4: Subtask process
[2026-03-20T20:27:13.916+0000] {task_command.py:467} INFO - Running <TaskInstance: empty_pipeline_hw23.process manual__2026-03-20T20:27:12.449413+00:00 [running]> on host cb221fd224da
[2026-03-20T20:27:13.974+0000] {taskinstance.py:3122} INFO - Exporting env vars: AIRFLOW_CTX_DAG_OWNER='***' AIRFLOW_CTX_DAG_ID='empty_pipeline_hw23' AIRFLOW_CTX_TASK_ID='process' AIRFLOW_CTX_EXECUTION_DATE='2026-03-20T20:27:12.449413+00:00' AIRFLOW_CTX_TRY_NUMBER='1' AIRFLOW_CTX_DAG_RUN_ID='manual__2026-03-20T20:27:12.449413+00:00'
[2026-03-20T20:27:13.975+0000] {taskinstance.py:731} INFO - ::endgroup::
[2026-03-20T20:27:13.986+0000] {subprocess.py:63} INFO - Tmp dir root location: /tmp
[2026-03-20T20:27:13.988+0000] {subprocess.py:75} INFO - Running command: ['/usr/bin/bash', '-c', 'echo "HW23: Задача process выполнена"']
[2026-03-20T20:27:13.994+0000] {subprocess.py:86} INFO - Output:
[2026-03-20T20:27:13.995+0000] {subprocess.py:93} INFO - HW23: Задача process выполнена
[2026-03-20T20:27:13.995+0000] {subprocess.py:97} INFO - Command exited with return code 0
[2026-03-20T20:27:14.018+0000] {taskinstance.py:340} INFO - ::group::Post task execution logs
[2026-03-20T20:27:14.019+0000] {taskinstance.py:352} INFO - Marking task as SUCCESS. dag_id=empty_pipeline_hw23, task_id=process, run_id=manual__2026-03-20T20:27:12.449413+00:00, execution_date=20260320T202712, start_date=20260320T202713, end_date=20260320T202714
[2026-03-20T20:27:14.061+0000] {local_task_job_runner.py:261} INFO - Task exited with return code 0
[2026-03-20T20:27:14.081+0000] {taskinstance.py:3891} INFO - 1 downstream tasks scheduled from follow-on schedule check
[2026-03-20T20:27:14.082+0000] {local_task_job_runner.py:240} INFO - ::endgroup::
