dag_id=empty_pipeline_hw23
run_id=manual__2026-03-20T10:27:12.449413+00:00
task_id=end

[2026-03-20T20:27:14.510+0000] {local_task_job_runner.py:123} INFO - ::group::Pre task execution logs
[2026-03-20T20:27:14.522+0000] {taskinstance.py:2603} INFO - Dependencies all met for dep_context=non-requeueable deps ti=<TaskInstance: empty_pipeline_hw23.end manual__2026-03-20T20:27:12.449413+00:00 [queued]>
[2026-03-20T20:27:14.527+0000] {taskinstance.py:2603} INFO - Dependencies all met for dep_context=requeueable deps ti=<TaskInstance: empty_pipeline_hw23.end manual__2026-03-20T20:27:12.449413+00:00 [queued]>
[2026-03-20T20:27:14.527+0000] {taskinstance.py:2856} INFO - Starting attempt 1 of 1
[2026-03-20T20:27:14.536+0000] {taskinstance.py:2879} INFO - Executing <Task(BashOperator): end> on 2026-03-20 20:27:12.449413+00:00
[2026-03-20T20:27:14.540+0000] {logging_mixin.py:190} WARNING - /home/***/.local/lib/python3.12/site-packages/***/task/task_runner/standard_task_runner.py:70 DeprecationWarning: This process (pid=352) is multi-threaded, use of fork() may lead to deadlocks in the child.
[2026-03-20T20:27:14.540+0000] {standard_task_runner.py:72} INFO - Started process 353 to run task
[2026-03-20T20:27:14.540+0000] {standard_task_runner.py:204} INFO - Running: ['***', 'tasks', 'run', 'empty_pipeline_hw23', 'end', 'manual__2026-03-20T20:27:12.449413+00:00', '--job-id', '5', '--raw', '--subdir', 'DAGS_FOLDER/empty_pipeline.py', '--cfg-path', '/tmp/tmp5hg3h5xd']
[2026-03-20T20:27:14.542+0000] {standard_task_runner.py:205} INFO - Job 5: Subtask end
[2026-03-20T20:27:14.577+0000] {task_command.py:467} INFO - Running <TaskInstance: empty_pipeline_hw23.end manual__2026-03-20T20:27:12.449413+00:00 [running]> on host cb221fd224da
[2026-03-20T20:27:14.634+0000] {taskinstance.py:3122} INFO - Exporting env vars: AIRFLOW_CTX_DAG_OWNER='***' AIRFLOW_CTX_DAG_ID='empty_pipeline_hw23' AIRFLOW_CTX_TASK_ID='end' AIRFLOW_CTX_EXECUTION_DATE='2026-03-20T20:27:12.449413+00:00' AIRFLOW_CTX_TRY_NUMBER='1' AIRFLOW_CTX_DAG_RUN_ID='manual__2026-03-20T20:27:12.449413+00:00'
[2026-03-20T20:27:14.635+0000] {taskinstance.py:731} INFO - ::endgroup::
[2026-03-20T20:27:14.646+0000] {subprocess.py:63} INFO - Tmp dir root location: /tmp
[2026-03-20T20:27:14.647+0000] {subprocess.py:75} INFO - Running command: ['/usr/bin/bash', '-c', 'echo "HW23: Задача end выполнена"']
[2026-03-20T20:27:14.653+0000] {subprocess.py:86} INFO - Output:
[2026-03-20T20:27:14.654+0000] {subprocess.py:93} INFO - HW23: Задача end выполнена
[2026-03-20T20:27:14.654+0000] {subprocess.py:97} INFO - Command exited with return code 0
[2026-03-20T20:27:14.675+0000] {taskinstance.py:340} INFO - ::group::Post task execution logs
[2026-03-20T20:27:14.675+0000] {taskinstance.py:352} INFO - Marking task as SUCCESS. dag_id=empty_pipeline_hw23, task_id=end, run_id=manual__2026-03-20T20:27:12.449413+00:00, execution_date=20260320T202712, start_date=20260320T202714, end_date=20260320T202714
[2026-03-20T20:27:14.725+0000] {local_task_job_runner.py:261} INFO - Task exited with return code 0
[2026-03-20T20:27:14.739+0000] {taskinstance.py:3891} INFO - 0 downstream tasks scheduled from follow-on schedule check
[2026-03-20T20:27:14.740+0000] {local_task_job_runner.py:240} INFO - ::endgroup::
